mode: set
github.com/a-novel/uservice-story-structure/cmd/server/main.go:46.53,68.2 1 1
github.com/a-novel/uservice-story-structure/cmd/server/main.go:70.13,80.16 5 1
github.com/a-novel/uservice-story-structure/cmd/server/main.go:80.16,82.3 1 0
github.com/a-novel/uservice-story-structure/cmd/server/main.go:83.2,90.87 3 1
github.com/a-novel/uservice-story-structure/cmd/server/main.go:90.87,92.3 1 0
github.com/a-novel/uservice-story-structure/cmd/server/main.go:94.2,147.16 48 1
github.com/a-novel/uservice-story-structure/cmd/server/main.go:147.16,149.3 1 0
github.com/a-novel/uservice-story-structure/cmd/server/main.go:150.2,173.38 18 1
github.com/a-novel/uservice-story-structure/cmd/server/main.go:173.38,175.3 1 1
github.com/a-novel/uservice-story-structure/cmd/server/main.go:177.2,184.47 2 1
github.com/a-novel/uservice-story-structure/cmd/server/main.go:184.47,186.3 1 0
github.com/a-novel/uservice-story-structure/config/logger.go:32.13,33.21 1 1
github.com/a-novel/uservice-story-structure/config/logger.go:34.17,36.77 2 1
github.com/a-novel/uservice-story-structure/config/logger.go:37.14,39.57 2 0
github.com/a-novel/uservice-story-structure/config/logger.go:40.10,41.46 1 0
github.com/a-novel/uservice-story-structure/pkg/entities/beat.go:39.56,41.9 2 0
github.com/a-novel/uservice-story-structure/pkg/entities/beat.go:41.9,43.3 1 0
github.com/a-novel/uservice-story-structure/pkg/entities/beat.go:45.2,45.22 1 0
github.com/a-novel/uservice-story-structure/pkg/entities/plot_point.go:38.61,40.9 2 0
github.com/a-novel/uservice-story-structure/pkg/entities/plot_point.go:40.9,42.3 1 0
github.com/a-novel/uservice-story-structure/pkg/entities/plot_point.go:44.2,44.22 1 0
github.com/a-novel/uservice-story-structure/pkg/entities/sort.go:13.61,15.9 2 0
github.com/a-novel/uservice-story-structure/pkg/entities/sort.go:15.9,17.3 1 0
github.com/a-novel/uservice-story-structure/pkg/entities/sort.go:19.2,19.22 1 0
github.com/a-novel/uservice-story-structure/config/logger.go:32.13,33.21 1 0
github.com/a-novel/uservice-story-structure/config/logger.go:34.17,36.77 2 0
github.com/a-novel/uservice-story-structure/config/logger.go:37.14,39.57 2 0
github.com/a-novel/uservice-story-structure/config/logger.go:40.10,41.46 1 0
github.com/a-novel/uservice-story-structure/pkg/dao/batch_delete_beats.go:23.29,31.21 3 1
github.com/a-novel/uservice-story-structure/pkg/dao/batch_delete_beats.go:31.21,33.3 1 1
github.com/a-novel/uservice-story-structure/pkg/dao/batch_delete_beats.go:35.2,36.16 2 1
github.com/a-novel/uservice-story-structure/pkg/dao/batch_delete_beats.go:36.16,38.3 1 0
github.com/a-novel/uservice-story-structure/pkg/dao/batch_delete_beats.go:40.2,40.19 1 1
github.com/a-novel/uservice-story-structure/pkg/dao/batch_delete_beats.go:43.61,45.2 1 1
github.com/a-novel/uservice-story-structure/pkg/dao/batch_delete_plot_points.go:23.34,31.21 3 1
github.com/a-novel/uservice-story-structure/pkg/dao/batch_delete_plot_points.go:31.21,33.3 1 1
github.com/a-novel/uservice-story-structure/pkg/dao/batch_delete_plot_points.go:35.2,36.16 2 1
github.com/a-novel/uservice-story-structure/pkg/dao/batch_delete_plot_points.go:36.16,38.3 1 0
github.com/a-novel/uservice-story-structure/pkg/dao/batch_delete_plot_points.go:40.2,40.24 1 1
github.com/a-novel/uservice-story-structure/pkg/dao/batch_delete_plot_points.go:43.71,45.2 1 1
github.com/a-novel/uservice-story-structure/pkg/dao/create_beat.go:33.27,43.16 3 1
github.com/a-novel/uservice-story-structure/pkg/dao/create_beat.go:43.16,45.3 1 0
github.com/a-novel/uservice-story-structure/pkg/dao/create_beat.go:47.2,47.19 1 1
github.com/a-novel/uservice-story-structure/pkg/dao/create_beat.go:50.49,52.2 1 1
github.com/a-novel/uservice-story-structure/pkg/dao/create_plot_point.go:33.32,43.16 3 1
github.com/a-novel/uservice-story-structure/pkg/dao/create_plot_point.go:43.16,45.3 1 0
github.com/a-novel/uservice-story-structure/pkg/dao/create_plot_point.go:47.2,47.19 1 1
github.com/a-novel/uservice-story-structure/pkg/dao/create_plot_point.go:50.59,52.2 1 1
github.com/a-novel/uservice-story-structure/pkg/dao/delete_beat.go:23.27,28.21 3 1
github.com/a-novel/uservice-story-structure/pkg/dao/delete_beat.go:28.21,30.3 1 1
github.com/a-novel/uservice-story-structure/pkg/dao/delete_beat.go:32.2,33.16 2 1
github.com/a-novel/uservice-story-structure/pkg/dao/delete_beat.go:33.16,35.3 1 0
github.com/a-novel/uservice-story-structure/pkg/dao/delete_beat.go:37.2,38.16 2 1
github.com/a-novel/uservice-story-structure/pkg/dao/delete_beat.go:38.16,40.3 1 0
github.com/a-novel/uservice-story-structure/pkg/dao/delete_beat.go:41.2,41.15 1 1
github.com/a-novel/uservice-story-structure/pkg/dao/delete_beat.go:41.15,43.3 1 1
github.com/a-novel/uservice-story-structure/pkg/dao/delete_beat.go:45.2,45.18 1 1
github.com/a-novel/uservice-story-structure/pkg/dao/delete_beat.go:48.49,50.2 1 1
github.com/a-novel/uservice-story-structure/pkg/dao/delete_plot_point.go:23.32,28.21 3 1
github.com/a-novel/uservice-story-structure/pkg/dao/delete_plot_point.go:28.21,30.3 1 1
github.com/a-novel/uservice-story-structure/pkg/dao/delete_plot_point.go:32.2,33.16 2 1
github.com/a-novel/uservice-story-structure/pkg/dao/delete_plot_point.go:33.16,35.3 1 0
github.com/a-novel/uservice-story-structure/pkg/dao/delete_plot_point.go:37.2,38.16 2 1
github.com/a-novel/uservice-story-structure/pkg/dao/delete_plot_point.go:38.16,40.3 1 0
github.com/a-novel/uservice-story-structure/pkg/dao/delete_plot_point.go:41.2,41.15 1 1
github.com/a-novel/uservice-story-structure/pkg/dao/delete_plot_point.go:41.15,43.3 1 1
github.com/a-novel/uservice-story-structure/pkg/dao/delete_plot_point.go:45.2,45.23 1 1
github.com/a-novel/uservice-story-structure/pkg/dao/delete_plot_point.go:48.59,50.2 1 1
github.com/a-novel/uservice-story-structure/pkg/dao/get_beat.go:23.89,27.16 3 1
github.com/a-novel/uservice-story-structure/pkg/dao/get_beat.go:27.16,28.36 1 1
github.com/a-novel/uservice-story-structure/pkg/dao/get_beat.go:28.36,30.4 1 1
github.com/a-novel/uservice-story-structure/pkg/dao/get_beat.go:32.3,32.48 1 0
github.com/a-novel/uservice-story-structure/pkg/dao/get_beat.go:35.2,35.18 1 1
github.com/a-novel/uservice-story-structure/pkg/dao/get_beat.go:38.43,40.2 1 1
github.com/a-novel/uservice-story-structure/pkg/dao/get_plot_point.go:23.99,27.16 3 1
github.com/a-novel/uservice-story-structure/pkg/dao/get_plot_point.go:27.16,28.36 1 1
github.com/a-novel/uservice-story-structure/pkg/dao/get_plot_point.go:28.36,30.4 1 1
github.com/a-novel/uservice-story-structure/pkg/dao/get_plot_point.go:32.3,32.48 1 0
github.com/a-novel/uservice-story-structure/pkg/dao/get_plot_point.go:35.2,35.23 1 1
github.com/a-novel/uservice-story-structure/pkg/dao/get_plot_point.go:38.53,40.2 1 1
github.com/a-novel/uservice-story-structure/pkg/dao/list_beats.go:21.96,25.16 3 1
github.com/a-novel/uservice-story-structure/pkg/dao/list_beats.go:25.16,27.3 1 0
github.com/a-novel/uservice-story-structure/pkg/dao/list_beats.go:29.2,29.19 1 1
github.com/a-novel/uservice-story-structure/pkg/dao/list_beats.go:32.47,34.2 1 1
github.com/a-novel/uservice-story-structure/pkg/dao/list_plot_points.go:21.106,25.16 3 1
github.com/a-novel/uservice-story-structure/pkg/dao/list_plot_points.go:25.16,27.3 1 0
github.com/a-novel/uservice-story-structure/pkg/dao/list_plot_points.go:29.2,29.24 1 1
github.com/a-novel/uservice-story-structure/pkg/dao/list_plot_points.go:32.57,34.2 1 1
github.com/a-novel/uservice-story-structure/pkg/dao/search_beats.go:30.104,41.43 3 1
github.com/a-novel/uservice-story-structure/pkg/dao/search_beats.go:41.43,54.3 3 1
github.com/a-novel/uservice-story-structure/pkg/dao/search_beats.go:54.8,56.3 1 1
github.com/a-novel/uservice-story-structure/pkg/dao/search_beats.go:58.2,58.33 1 1
github.com/a-novel/uservice-story-structure/pkg/dao/search_beats.go:58.33,60.3 1 1
github.com/a-novel/uservice-story-structure/pkg/dao/search_beats.go:60.8,60.41 1 1
github.com/a-novel/uservice-story-structure/pkg/dao/search_beats.go:60.41,62.3 1 1
github.com/a-novel/uservice-story-structure/pkg/dao/search_beats.go:64.2,65.16 2 1
github.com/a-novel/uservice-story-structure/pkg/dao/search_beats.go:65.16,67.3 1 0
github.com/a-novel/uservice-story-structure/pkg/dao/search_beats.go:69.2,69.66 1 1
github.com/a-novel/uservice-story-structure/pkg/dao/search_beats.go:69.66,71.3 1 1
github.com/a-novel/uservice-story-structure/pkg/dao/search_beats.go:73.2,73.17 1 1
github.com/a-novel/uservice-story-structure/pkg/dao/search_beats.go:76.51,78.2 1 1
github.com/a-novel/uservice-story-structure/pkg/dao/search_plot_points.go:30.114,41.48 3 1
github.com/a-novel/uservice-story-structure/pkg/dao/search_plot_points.go:41.48,54.3 3 1
github.com/a-novel/uservice-story-structure/pkg/dao/search_plot_points.go:54.8,56.3 1 1
github.com/a-novel/uservice-story-structure/pkg/dao/search_plot_points.go:58.2,58.33 1 1
github.com/a-novel/uservice-story-structure/pkg/dao/search_plot_points.go:58.33,60.3 1 1
github.com/a-novel/uservice-story-structure/pkg/dao/search_plot_points.go:60.8,60.41 1 1
github.com/a-novel/uservice-story-structure/pkg/dao/search_plot_points.go:60.41,62.3 1 1
github.com/a-novel/uservice-story-structure/pkg/dao/search_plot_points.go:64.2,65.16 2 1
github.com/a-novel/uservice-story-structure/pkg/dao/search_plot_points.go:65.16,67.3 1 0
github.com/a-novel/uservice-story-structure/pkg/dao/search_plot_points.go:69.2,69.76 1 1
github.com/a-novel/uservice-story-structure/pkg/dao/search_plot_points.go:69.76,71.3 1 1
github.com/a-novel/uservice-story-structure/pkg/dao/search_plot_points.go:73.2,73.17 1 1
github.com/a-novel/uservice-story-structure/pkg/dao/search_plot_points.go:76.61,78.2 1 1
github.com/a-novel/uservice-story-structure/pkg/dao/update_beat.go:33.27,49.16 3 1
github.com/a-novel/uservice-story-structure/pkg/dao/update_beat.go:49.16,51.3 1 0
github.com/a-novel/uservice-story-structure/pkg/dao/update_beat.go:53.2,54.16 2 1
github.com/a-novel/uservice-story-structure/pkg/dao/update_beat.go:54.16,56.3 1 0
github.com/a-novel/uservice-story-structure/pkg/dao/update_beat.go:58.2,58.15 1 1
github.com/a-novel/uservice-story-structure/pkg/dao/update_beat.go:58.15,60.3 1 1
github.com/a-novel/uservice-story-structure/pkg/dao/update_beat.go:62.2,62.19 1 1
github.com/a-novel/uservice-story-structure/pkg/dao/update_beat.go:65.49,67.2 1 1
github.com/a-novel/uservice-story-structure/pkg/dao/update_plot_point.go:33.32,49.16 3 1
github.com/a-novel/uservice-story-structure/pkg/dao/update_plot_point.go:49.16,51.3 1 0
github.com/a-novel/uservice-story-structure/pkg/dao/update_plot_point.go:53.2,54.16 2 1
github.com/a-novel/uservice-story-structure/pkg/dao/update_plot_point.go:54.16,56.3 1 0
github.com/a-novel/uservice-story-structure/pkg/dao/update_plot_point.go:58.2,58.15 1 1
github.com/a-novel/uservice-story-structure/pkg/dao/update_plot_point.go:58.15,60.3 1 1
github.com/a-novel/uservice-story-structure/pkg/dao/update_plot_point.go:62.2,62.19 1 1
github.com/a-novel/uservice-story-structure/pkg/dao/update_plot_point.go:65.59,67.2 1 1
github.com/a-novel/uservice-story-structure/pkg/entities/beat.go:39.56,41.9 2 0
github.com/a-novel/uservice-story-structure/pkg/entities/beat.go:41.9,43.3 1 0
github.com/a-novel/uservice-story-structure/pkg/entities/beat.go:45.2,45.22 1 0
github.com/a-novel/uservice-story-structure/pkg/entities/plot_point.go:38.61,40.9 2 0
github.com/a-novel/uservice-story-structure/pkg/entities/plot_point.go:40.9,42.3 1 0
github.com/a-novel/uservice-story-structure/pkg/entities/plot_point.go:44.2,44.22 1 0
github.com/a-novel/uservice-story-structure/pkg/entities/sort.go:13.61,15.9 2 0
github.com/a-novel/uservice-story-structure/pkg/entities/sort.go:15.9,17.3 1 0
github.com/a-novel/uservice-story-structure/pkg/entities/sort.go:19.2,19.22 1 0
github.com/a-novel/uservice-story-structure/pkg/entities/beat.go:39.56,41.9 2 0
github.com/a-novel/uservice-story-structure/pkg/entities/beat.go:41.9,43.3 1 0
github.com/a-novel/uservice-story-structure/pkg/entities/beat.go:45.2,45.22 1 0
github.com/a-novel/uservice-story-structure/pkg/entities/plot_point.go:38.61,40.9 2 0
github.com/a-novel/uservice-story-structure/pkg/entities/plot_point.go:40.9,42.3 1 0
github.com/a-novel/uservice-story-structure/pkg/entities/plot_point.go:44.2,44.22 1 0
github.com/a-novel/uservice-story-structure/pkg/entities/sort.go:13.61,15.9 2 0
github.com/a-novel/uservice-story-structure/pkg/entities/sort.go:15.9,17.3 1 0
github.com/a-novel/uservice-story-structure/pkg/entities/sort.go:19.2,19.22 1 0
github.com/a-novel/uservice-story-structure/pkg/entities/beat.go:39.56,41.9 2 0
github.com/a-novel/uservice-story-structure/pkg/entities/beat.go:41.9,43.3 1 0
github.com/a-novel/uservice-story-structure/pkg/entities/beat.go:45.2,45.22 1 0
github.com/a-novel/uservice-story-structure/pkg/entities/plot_point.go:38.61,40.9 2 0
github.com/a-novel/uservice-story-structure/pkg/entities/plot_point.go:40.9,42.3 1 0
github.com/a-novel/uservice-story-structure/pkg/entities/plot_point.go:44.2,44.22 1 0
github.com/a-novel/uservice-story-structure/pkg/entities/sort.go:13.61,15.9 2 0
github.com/a-novel/uservice-story-structure/pkg/entities/sort.go:15.9,17.3 1 0
github.com/a-novel/uservice-story-structure/pkg/entities/sort.go:19.2,19.22 1 0
github.com/a-novel/uservice-story-structure/pkg/handlers/batch_delete_beats.go:38.27,43.16 2 1
github.com/a-novel/uservice-story-structure/pkg/handlers/batch_delete_beats.go:43.16,45.3 1 1
github.com/a-novel/uservice-story-structure/pkg/handlers/batch_delete_beats.go:47.2,47.32 1 1
github.com/a-novel/uservice-story-structure/pkg/handlers/batch_delete_beats.go:53.27,55.2 1 1
github.com/a-novel/uservice-story-structure/pkg/handlers/batch_delete_beats.go:57.100,61.2 3 1
github.com/a-novel/uservice-story-structure/pkg/handlers/batch_delete_plot_points.go:38.27,43.16 2 1
github.com/a-novel/uservice-story-structure/pkg/handlers/batch_delete_plot_points.go:43.16,45.3 1 1
github.com/a-novel/uservice-story-structure/pkg/handlers/batch_delete_plot_points.go:47.2,47.32 1 1
github.com/a-novel/uservice-story-structure/pkg/handlers/batch_delete_plot_points.go:53.27,55.2 1 1
github.com/a-novel/uservice-story-structure/pkg/handlers/batch_delete_plot_points.go:57.115,61.2 3 1
github.com/a-novel/uservice-story-structure/pkg/handlers/create_beat.go:40.60,46.16 2 1
github.com/a-novel/uservice-story-structure/pkg/handlers/create_beat.go:46.16,48.3 1 1
github.com/a-novel/uservice-story-structure/pkg/handlers/create_beat.go:50.2,56.8 1 1
github.com/a-novel/uservice-story-structure/pkg/handlers/create_beat.go:62.60,64.2 1 1
github.com/a-novel/uservice-story-structure/pkg/handlers/create_beat.go:66.82,70.2 3 1
github.com/a-novel/uservice-story-structure/pkg/handlers/create_plot_point.go:40.65,46.16 2 1
github.com/a-novel/uservice-story-structure/pkg/handlers/create_plot_point.go:46.16,48.3 1 1
github.com/a-novel/uservice-story-structure/pkg/handlers/create_plot_point.go:50.2,56.8 1 1
github.com/a-novel/uservice-story-structure/pkg/handlers/create_plot_point.go:62.65,64.2 1 1
github.com/a-novel/uservice-story-structure/pkg/handlers/create_plot_point.go:66.97,70.2 3 1
github.com/a-novel/uservice-story-structure/pkg/handlers/delete_beat.go:40.27,45.16 2 1
github.com/a-novel/uservice-story-structure/pkg/handlers/delete_beat.go:45.16,47.3 1 1
github.com/a-novel/uservice-story-structure/pkg/handlers/delete_beat.go:49.2,49.32 1 1
github.com/a-novel/uservice-story-structure/pkg/handlers/delete_beat.go:55.27,57.2 1 1
github.com/a-novel/uservice-story-structure/pkg/handlers/delete_beat.go:59.82,63.2 3 1
github.com/a-novel/uservice-story-structure/pkg/handlers/delete_plot_point.go:40.27,45.16 2 1
github.com/a-novel/uservice-story-structure/pkg/handlers/delete_plot_point.go:45.16,47.3 1 1
github.com/a-novel/uservice-story-structure/pkg/handlers/delete_plot_point.go:49.2,49.32 1 1
github.com/a-novel/uservice-story-structure/pkg/handlers/delete_plot_point.go:55.27,57.2 1 1
github.com/a-novel/uservice-story-structure/pkg/handlers/delete_plot_point.go:59.97,63.2 3 1
github.com/a-novel/uservice-story-structure/pkg/handlers/get_beat.go:43.57,45.16 2 1
github.com/a-novel/uservice-story-structure/pkg/handlers/get_beat.go:45.16,47.3 1 1
github.com/a-novel/uservice-story-structure/pkg/handlers/get_beat.go:49.2,57.34 1 1
github.com/a-novel/uservice-story-structure/pkg/handlers/get_beat.go:57.34,57.48 1 1
github.com/a-novel/uservice-story-structure/pkg/handlers/get_beat.go:58.34,58.76 1 1
github.com/a-novel/uservice-story-structure/pkg/handlers/get_beat.go:66.57,68.2 1 1
github.com/a-novel/uservice-story-structure/pkg/handlers/get_beat.go:70.73,74.2 3 1
github.com/a-novel/uservice-story-structure/pkg/handlers/get_plot_point.go:43.62,45.16 2 1
github.com/a-novel/uservice-story-structure/pkg/handlers/get_plot_point.go:45.16,47.3 1 1
github.com/a-novel/uservice-story-structure/pkg/handlers/get_plot_point.go:49.2,57.34 1 1
github.com/a-novel/uservice-story-structure/pkg/handlers/get_plot_point.go:57.34,57.48 1 1
github.com/a-novel/uservice-story-structure/pkg/handlers/get_plot_point.go:58.34,58.76 1 1
github.com/a-novel/uservice-story-structure/pkg/handlers/get_plot_point.go:66.62,68.2 1 1
github.com/a-novel/uservice-story-structure/pkg/handlers/get_plot_point.go:70.88,74.2 3 1
github.com/a-novel/uservice-story-structure/pkg/handlers/list_beats.go:40.57,49.34 1 1
github.com/a-novel/uservice-story-structure/pkg/handlers/list_beats.go:49.34,49.48 1 1
github.com/a-novel/uservice-story-structure/pkg/handlers/list_beats.go:50.34,50.77 1 1
github.com/a-novel/uservice-story-structure/pkg/handlers/list_beats.go:58.59,60.16 2 1
github.com/a-novel/uservice-story-structure/pkg/handlers/list_beats.go:60.16,62.3 1 1
github.com/a-novel/uservice-story-structure/pkg/handlers/list_beats.go:64.2,66.74 2 1
github.com/a-novel/uservice-story-structure/pkg/handlers/list_beats.go:72.59,74.2 1 1
github.com/a-novel/uservice-story-structure/pkg/handlers/list_beats.go:76.79,80.2 3 1
github.com/a-novel/uservice-story-structure/pkg/handlers/list_plot_points.go:40.62,49.34 1 1
github.com/a-novel/uservice-story-structure/pkg/handlers/list_plot_points.go:49.34,49.48 1 1
github.com/a-novel/uservice-story-structure/pkg/handlers/list_plot_points.go:50.34,50.77 1 1
github.com/a-novel/uservice-story-structure/pkg/handlers/list_plot_points.go:58.64,60.16 2 1
github.com/a-novel/uservice-story-structure/pkg/handlers/list_plot_points.go:60.16,62.3 1 1
github.com/a-novel/uservice-story-structure/pkg/handlers/list_plot_points.go:64.2,66.84 2 1
github.com/a-novel/uservice-story-structure/pkg/handlers/list_plot_points.go:72.64,74.2 1 1
github.com/a-novel/uservice-story-structure/pkg/handlers/list_plot_points.go:76.94,80.2 3 1
github.com/a-novel/uservice-story-structure/pkg/handlers/search_beats.go:42.61,60.16 2 1
github.com/a-novel/uservice-story-structure/pkg/handlers/search_beats.go:60.16,62.3 1 1
github.com/a-novel/uservice-story-structure/pkg/handlers/search_beats.go:64.2,64.76 1 1
github.com/a-novel/uservice-story-structure/pkg/handlers/search_beats.go:70.61,72.2 1 1
github.com/a-novel/uservice-story-structure/pkg/handlers/search_beats.go:74.85,78.2 3 1
github.com/a-novel/uservice-story-structure/pkg/handlers/search_plot_points.go:42.66,60.16 2 1
github.com/a-novel/uservice-story-structure/pkg/handlers/search_plot_points.go:60.16,62.3 1 1
github.com/a-novel/uservice-story-structure/pkg/handlers/search_plot_points.go:64.2,64.81 1 1
github.com/a-novel/uservice-story-structure/pkg/handlers/search_plot_points.go:70.66,72.2 1 1
github.com/a-novel/uservice-story-structure/pkg/handlers/search_plot_points.go:74.100,78.2 3 1
github.com/a-novel/uservice-story-structure/pkg/handlers/update_beat.go:43.60,53.16 2 1
github.com/a-novel/uservice-story-structure/pkg/handlers/update_beat.go:53.16,55.3 1 1
github.com/a-novel/uservice-story-structure/pkg/handlers/update_beat.go:57.2,65.34 1 1
github.com/a-novel/uservice-story-structure/pkg/handlers/update_beat.go:65.34,65.48 1 1
github.com/a-novel/uservice-story-structure/pkg/handlers/update_beat.go:66.34,66.76 1 1
github.com/a-novel/uservice-story-structure/pkg/handlers/update_beat.go:74.60,76.2 1 1
github.com/a-novel/uservice-story-structure/pkg/handlers/update_beat.go:78.82,82.2 3 1
github.com/a-novel/uservice-story-structure/pkg/handlers/update_plot_point.go:43.65,53.16 2 1
github.com/a-novel/uservice-story-structure/pkg/handlers/update_plot_point.go:53.16,55.3 1 1
github.com/a-novel/uservice-story-structure/pkg/handlers/update_plot_point.go:57.2,65.34 1 1
github.com/a-novel/uservice-story-structure/pkg/handlers/update_plot_point.go:65.34,65.48 1 1
github.com/a-novel/uservice-story-structure/pkg/handlers/update_plot_point.go:66.34,66.76 1 1
github.com/a-novel/uservice-story-structure/pkg/handlers/update_plot_point.go:74.65,76.2 1 1
github.com/a-novel/uservice-story-structure/pkg/handlers/update_plot_point.go:78.97,82.2 3 1
github.com/a-novel/uservice-story-structure/pkg/entities/beat.go:39.56,41.9 2 1
github.com/a-novel/uservice-story-structure/pkg/entities/beat.go:41.9,43.3 1 0
github.com/a-novel/uservice-story-structure/pkg/entities/beat.go:45.2,45.22 1 1
github.com/a-novel/uservice-story-structure/pkg/entities/plot_point.go:38.61,40.9 2 1
github.com/a-novel/uservice-story-structure/pkg/entities/plot_point.go:40.9,42.3 1 0
github.com/a-novel/uservice-story-structure/pkg/entities/plot_point.go:44.2,44.22 1 1
github.com/a-novel/uservice-story-structure/pkg/entities/sort.go:13.61,15.9 2 1
github.com/a-novel/uservice-story-structure/pkg/entities/sort.go:15.9,17.3 1 0
github.com/a-novel/uservice-story-structure/pkg/entities/sort.go:19.2,19.22 1 1
github.com/a-novel/uservice-story-structure/pkg/services/batch_delete_beats.go:34.101,37.61 2 1
github.com/a-novel/uservice-story-structure/pkg/services/batch_delete_beats.go:37.61,39.3 1 1
github.com/a-novel/uservice-story-structure/pkg/services/batch_delete_beats.go:41.2,42.30 2 1
github.com/a-novel/uservice-story-structure/pkg/services/batch_delete_beats.go:42.30,44.17 2 1
github.com/a-novel/uservice-story-structure/pkg/services/batch_delete_beats.go:44.17,46.4 1 1
github.com/a-novel/uservice-story-structure/pkg/services/batch_delete_beats.go:49.2,50.16 2 1
github.com/a-novel/uservice-story-structure/pkg/services/batch_delete_beats.go:50.16,52.3 1 1
github.com/a-novel/uservice-story-structure/pkg/services/batch_delete_beats.go:54.2,54.12 1 1
github.com/a-novel/uservice-story-structure/pkg/services/batch_delete_beats.go:57.69,59.2 1 1
github.com/a-novel/uservice-story-structure/pkg/services/batch_delete_plot_points.go:34.111,37.66 2 1
github.com/a-novel/uservice-story-structure/pkg/services/batch_delete_plot_points.go:37.66,39.3 1 1
github.com/a-novel/uservice-story-structure/pkg/services/batch_delete_plot_points.go:41.2,42.30 2 1
github.com/a-novel/uservice-story-structure/pkg/services/batch_delete_plot_points.go:42.30,44.17 2 1
github.com/a-novel/uservice-story-structure/pkg/services/batch_delete_plot_points.go:44.17,49.4 1 1
github.com/a-novel/uservice-story-structure/pkg/services/batch_delete_plot_points.go:52.2,53.16 2 1
github.com/a-novel/uservice-story-structure/pkg/services/batch_delete_plot_points.go:53.16,55.3 1 1
github.com/a-novel/uservice-story-structure/pkg/services/batch_delete_plot_points.go:57.2,57.12 1 1
github.com/a-novel/uservice-story-structure/pkg/services/batch_delete_plot_points.go:60.84,62.2 1 1
github.com/a-novel/uservice-story-structure/pkg/services/create_beat.go:45.112,46.56 1 1
github.com/a-novel/uservice-story-structure/pkg/services/create_beat.go:46.56,48.3 1 1
github.com/a-novel/uservice-story-structure/pkg/services/create_beat.go:50.2,57.16 3 1
github.com/a-novel/uservice-story-structure/pkg/services/create_beat.go:57.16,59.3 1 1
github.com/a-novel/uservice-story-structure/pkg/services/create_beat.go:61.2,67.8 1 1
github.com/a-novel/uservice-story-structure/pkg/services/create_beat.go:70.51,72.2 1 1
github.com/a-novel/uservice-story-structure/pkg/services/create_plot_point.go:48.37,49.61 1 1
github.com/a-novel/uservice-story-structure/pkg/services/create_plot_point.go:49.61,51.3 1 1
github.com/a-novel/uservice-story-structure/pkg/services/create_plot_point.go:53.2,60.16 3 1
github.com/a-novel/uservice-story-structure/pkg/services/create_plot_point.go:60.16,62.3 1 1
github.com/a-novel/uservice-story-structure/pkg/services/create_plot_point.go:64.2,70.8 1 1
github.com/a-novel/uservice-story-structure/pkg/services/create_plot_point.go:73.66,75.2 1 1
github.com/a-novel/uservice-story-structure/pkg/services/delete_beat.go:34.89,35.56 1 1
github.com/a-novel/uservice-story-structure/pkg/services/delete_beat.go:35.56,37.3 1 1
github.com/a-novel/uservice-story-structure/pkg/services/delete_beat.go:39.2,40.16 2 1
github.com/a-novel/uservice-story-structure/pkg/services/delete_beat.go:40.16,42.3 1 1
github.com/a-novel/uservice-story-structure/pkg/services/delete_beat.go:44.2,45.16 2 1
github.com/a-novel/uservice-story-structure/pkg/services/delete_beat.go:45.16,47.3 1 1
github.com/a-novel/uservice-story-structure/pkg/services/delete_beat.go:49.2,49.12 1 1
github.com/a-novel/uservice-story-structure/pkg/services/delete_beat.go:52.51,54.2 1 1
github.com/a-novel/uservice-story-structure/pkg/services/delete_plot_point.go:34.99,35.61 1 1
github.com/a-novel/uservice-story-structure/pkg/services/delete_plot_point.go:35.61,37.3 1 1
github.com/a-novel/uservice-story-structure/pkg/services/delete_plot_point.go:39.2,40.16 2 1
github.com/a-novel/uservice-story-structure/pkg/services/delete_plot_point.go:40.16,42.3 1 1
github.com/a-novel/uservice-story-structure/pkg/services/delete_plot_point.go:44.2,45.16 2 1
github.com/a-novel/uservice-story-structure/pkg/services/delete_plot_point.go:45.16,47.3 1 1
github.com/a-novel/uservice-story-structure/pkg/services/delete_plot_point.go:49.2,49.12 1 1
github.com/a-novel/uservice-story-structure/pkg/services/delete_plot_point.go:52.66,54.2 1 1
github.com/a-novel/uservice-story-structure/pkg/services/get_beat.go:43.103,44.53 1 1
github.com/a-novel/uservice-story-structure/pkg/services/get_beat.go:44.53,46.3 1 1
github.com/a-novel/uservice-story-structure/pkg/services/get_beat.go:48.2,49.16 2 1
github.com/a-novel/uservice-story-structure/pkg/services/get_beat.go:49.16,51.3 1 1
github.com/a-novel/uservice-story-structure/pkg/services/get_beat.go:53.2,54.16 2 1
github.com/a-novel/uservice-story-structure/pkg/services/get_beat.go:54.16,56.3 1 1
github.com/a-novel/uservice-story-structure/pkg/services/get_beat.go:58.2,65.8 1 1
github.com/a-novel/uservice-story-structure/pkg/services/get_beat.go:68.42,70.2 1 1
github.com/a-novel/uservice-story-structure/pkg/services/get_plot_point.go:43.118,44.58 1 1
github.com/a-novel/uservice-story-structure/pkg/services/get_plot_point.go:44.58,46.3 1 1
github.com/a-novel/uservice-story-structure/pkg/services/get_plot_point.go:48.2,49.16 2 1
github.com/a-novel/uservice-story-structure/pkg/services/get_plot_point.go:49.16,51.3 1 1
github.com/a-novel/uservice-story-structure/pkg/services/get_plot_point.go:53.2,54.16 2 1
github.com/a-novel/uservice-story-structure/pkg/services/get_plot_point.go:54.16,56.3 1 1
github.com/a-novel/uservice-story-structure/pkg/services/get_plot_point.go:58.2,65.8 1 1
github.com/a-novel/uservice-story-structure/pkg/services/get_plot_point.go:68.57,70.2 1 1
github.com/a-novel/uservice-story-structure/pkg/services/list_beats.go:49.109,52.54 2 1
github.com/a-novel/uservice-story-structure/pkg/services/list_beats.go:52.54,54.3 1 1
github.com/a-novel/uservice-story-structure/pkg/services/list_beats.go:56.2,57.30 2 1
github.com/a-novel/uservice-story-structure/pkg/services/list_beats.go:57.30,59.17 2 1
github.com/a-novel/uservice-story-structure/pkg/services/list_beats.go:59.17,61.4 1 1
github.com/a-novel/uservice-story-structure/pkg/services/list_beats.go:64.2,65.16 2 1
github.com/a-novel/uservice-story-structure/pkg/services/list_beats.go:65.16,67.3 1 1
github.com/a-novel/uservice-story-structure/pkg/services/list_beats.go:69.2,70.80 1 1
github.com/a-novel/uservice-story-structure/pkg/services/list_beats.go:70.80,79.4 1 1
github.com/a-novel/uservice-story-structure/pkg/services/list_beats.go:82.2,82.22 1 1
github.com/a-novel/uservice-story-structure/pkg/services/list_beats.go:85.48,87.2 1 1
github.com/a-novel/uservice-story-structure/pkg/services/list_plot_points.go:52.36,55.59 2 1
github.com/a-novel/uservice-story-structure/pkg/services/list_plot_points.go:55.59,57.3 1 1
github.com/a-novel/uservice-story-structure/pkg/services/list_plot_points.go:59.2,60.30 2 1
github.com/a-novel/uservice-story-structure/pkg/services/list_plot_points.go:60.30,62.17 2 1
github.com/a-novel/uservice-story-structure/pkg/services/list_plot_points.go:62.17,64.4 1 1
github.com/a-novel/uservice-story-structure/pkg/services/list_plot_points.go:67.2,68.16 2 1
github.com/a-novel/uservice-story-structure/pkg/services/list_plot_points.go:68.16,70.3 1 1
github.com/a-novel/uservice-story-structure/pkg/services/list_plot_points.go:72.2,73.105 1 1
github.com/a-novel/uservice-story-structure/pkg/services/list_plot_points.go:73.105,82.4 1 1
github.com/a-novel/uservice-story-structure/pkg/services/list_plot_points.go:85.2,85.22 1 1
github.com/a-novel/uservice-story-structure/pkg/services/list_plot_points.go:88.63,90.2 1 1
github.com/a-novel/uservice-story-structure/pkg/services/search_beats.go:20.13,23.2 2 1
github.com/a-novel/uservice-story-structure/pkg/services/search_beats.go:45.115,46.57 1 1
github.com/a-novel/uservice-story-structure/pkg/services/search_beats.go:46.57,48.3 1 1
github.com/a-novel/uservice-story-structure/pkg/services/search_beats.go:50.2,57.16 2 1
github.com/a-novel/uservice-story-structure/pkg/services/search_beats.go:57.16,59.3 1 1
github.com/a-novel/uservice-story-structure/pkg/services/search_beats.go:61.2,61.54 1 1
github.com/a-novel/uservice-story-structure/pkg/services/search_beats.go:64.54,66.2 1 1
github.com/a-novel/uservice-story-structure/pkg/services/search_plot_points.go:20.13,23.2 2 1
github.com/a-novel/uservice-story-structure/pkg/services/search_plot_points.go:48.38,49.62 1 1
github.com/a-novel/uservice-story-structure/pkg/services/search_plot_points.go:49.62,51.3 1 1
github.com/a-novel/uservice-story-structure/pkg/services/search_plot_points.go:53.2,60.16 2 1
github.com/a-novel/uservice-story-structure/pkg/services/search_plot_points.go:60.16,62.3 1 1
github.com/a-novel/uservice-story-structure/pkg/services/search_plot_points.go:64.2,64.59 1 1
github.com/a-novel/uservice-story-structure/pkg/services/search_plot_points.go:67.69,69.2 1 1
github.com/a-novel/uservice-story-structure/pkg/services/update_beat.go:47.112,48.56 1 1
github.com/a-novel/uservice-story-structure/pkg/services/update_beat.go:48.56,50.3 1 1
github.com/a-novel/uservice-story-structure/pkg/services/update_beat.go:52.2,53.16 2 1
github.com/a-novel/uservice-story-structure/pkg/services/update_beat.go:53.16,55.3 1 1
github.com/a-novel/uservice-story-structure/pkg/services/update_beat.go:57.2,64.16 3 1
github.com/a-novel/uservice-story-structure/pkg/services/update_beat.go:64.16,66.3 1 1
github.com/a-novel/uservice-story-structure/pkg/services/update_beat.go:68.2,75.8 1 1
github.com/a-novel/uservice-story-structure/pkg/services/update_beat.go:78.51,80.2 1 1
github.com/a-novel/uservice-story-structure/pkg/services/update_plot_point.go:50.37,51.61 1 1
github.com/a-novel/uservice-story-structure/pkg/services/update_plot_point.go:51.61,53.3 1 1
github.com/a-novel/uservice-story-structure/pkg/services/update_plot_point.go:55.2,56.16 2 1
github.com/a-novel/uservice-story-structure/pkg/services/update_plot_point.go:56.16,58.3 1 1
github.com/a-novel/uservice-story-structure/pkg/services/update_plot_point.go:60.2,67.16 3 1
github.com/a-novel/uservice-story-structure/pkg/services/update_plot_point.go:67.16,69.3 1 1
github.com/a-novel/uservice-story-structure/pkg/services/update_plot_point.go:71.2,78.8 1 1
github.com/a-novel/uservice-story-structure/pkg/services/update_plot_point.go:81.66,83.2 1 1
